<?xml version="1.0" encoding="UTF-8"?>
<testsuite name="com.plazi.market.PlatziMarketApplicationTests" tests="1" skipped="0" failures="0" errors="0" timestamp="2023-11-01T00:31:14" hostname="DESKTOP-78EMSA1" time="0.568">
  <properties/>
  <testcase name="contextLoads()" classname="com.plazi.market.PlatziMarketApplicationTests" time="0.568"/>
  <system-out><![CDATA[19:31:09.992 [Test worker] INFO org.springframework.test.context.support.AnnotationConfigContextLoaderUtils -- Could not detect default configuration classes for test class [com.plazi.market.PlatziMarketApplicationTests]: PlatziMarketApplicationTests does not declare any static, non-private, non-final, nested classes annotated with @Configuration.
19:31:10.094 [Test worker] INFO org.springframework.boot.test.context.SpringBootTestContextBootstrapper -- Found @SpringBootConfiguration com.plazi.market.PlatziMarketApplication for test class com.plazi.market.PlatziMarketApplicationTests

  .   ____          _            __ _ _
 /\\ / ___'_ __ _ _(_)_ __  __ _ \ \ \ \
( ( )\___ | '_ | '_| | '_ \/ _` | \ \ \ \
 \\/  ___)| |_)| | | | | || (_| |  ) ) ) )
  '  |____| .__|_| |_|_| |_\__, | / / / /
 =========|_|==============|___/=/_/_/_/
 :: Spring Boot ::                (v3.1.5)

2023-10-31T19:31:10.547-05:00  INFO 5244 --- [    Test worker] c.p.market.PlatziMarketApplicationTests  : Starting PlatziMarketApplicationTests using Java 19.0.1 with PID 5244 (started by andre in D:\Programacion\Java\platzi-market)
2023-10-31T19:31:10.550-05:00  INFO 5244 --- [    Test worker] c.p.market.PlatziMarketApplicationTests  : The following 1 profile is active: "dev"
2023-10-31T19:31:11.301-05:00  INFO 5244 --- [    Test worker] .s.d.r.c.RepositoryConfigurationDelegate : Bootstrapping Spring Data JPA repositories in DEFAULT mode.
2023-10-31T19:31:11.369-05:00  INFO 5244 --- [    Test worker] .s.d.r.c.RepositoryConfigurationDelegate : Finished Spring Data repository scanning in 55 ms. Found 1 JPA repository interfaces.
2023-10-31T19:31:11.805-05:00  INFO 5244 --- [    Test worker] com.zaxxer.hikari.HikariDataSource       : HikariPool-1 - Starting...
2023-10-31T19:31:12.059-05:00  INFO 5244 --- [    Test worker] com.zaxxer.hikari.pool.HikariPool        : HikariPool-1 - Added connection org.postgresql.jdbc.PgConnection@902fdbe
2023-10-31T19:31:12.062-05:00  INFO 5244 --- [    Test worker] com.zaxxer.hikari.HikariDataSource       : HikariPool-1 - Start completed.
2023-10-31T19:31:12.116-05:00  INFO 5244 --- [    Test worker] o.hibernate.jpa.internal.util.LogHelper  : HHH000204: Processing PersistenceUnitInfo [name: default]
2023-10-31T19:31:12.184-05:00  INFO 5244 --- [    Test worker] org.hibernate.Version                    : HHH000412: Hibernate ORM core version 6.2.13.Final
2023-10-31T19:31:12.188-05:00  INFO 5244 --- [    Test worker] org.hibernate.cfg.Environment            : HHH000406: Using bytecode reflection optimizer
2023-10-31T19:31:12.611-05:00  INFO 5244 --- [    Test worker] o.s.o.j.p.SpringPersistenceUnitInfo      : No LoadTimeWeaver setup: ignoring JPA class transformer
2023-10-31T19:31:13.077-05:00  WARN 5244 --- [    Test worker] org.hibernate.mapping.RootClass          : HHH000038: Composite-id class does not override equals(): com.plazi.market.persistence.entity.ComprasProductoPK
2023-10-31T19:31:13.078-05:00  WARN 5244 --- [    Test worker] org.hibernate.mapping.RootClass          : HHH000039: Composite-id class does not override hashCode(): com.plazi.market.persistence.entity.ComprasProductoPK
2023-10-31T19:31:13.696-05:00  INFO 5244 --- [    Test worker] o.h.e.t.j.p.i.JtaPlatformInitiator       : HHH000489: No JTA platform available (set 'hibernate.transaction.jta.platform' to enable JTA platform integration)
2023-10-31T19:31:13.700-05:00  INFO 5244 --- [    Test worker] j.LocalContainerEntityManagerFactoryBean : Initialized JPA EntityManagerFactory for persistence unit 'default'
2023-10-31T19:31:14.321-05:00  WARN 5244 --- [    Test worker] JpaBaseConfiguration$JpaWebConfiguration : spring.jpa.open-in-view is enabled by default. Therefore, database queries may be performed during view rendering. Explicitly configure spring.jpa.open-in-view to disable this warning
2023-10-31T19:31:14.741-05:00  INFO 5244 --- [    Test worker] c.p.market.PlatziMarketApplicationTests  : Started PlatziMarketApplicationTests in 4.464 seconds (process running for 5.945)
]]></system-out>
  <system-err><![CDATA[]]></system-err>
</testsuite>
